<?xml version="1.0" encoding="UTF-8"?>
<testng-results skipped="0" failed="0" ignored="0" total="1" passed="1">
  <reporter-output>
  </reporter-output>
  <suite name="Default suite" duration-ms="71" started-at="2021-09-02T19:46:38 CDT" finished-at="2021-09-02T19:46:38 CDT">
    <groups>
    </groups>
    <test name="Default test" duration-ms="71" started-at="2021-09-02T19:46:38 CDT" finished-at="2021-09-02T19:46:38 CDT">
      <class name="page.Month_Page">
        <test-method status="PASS" signature="month()[pri:0, instance:page.Month_Page@6a79c292]" name="month" duration-ms="14" started-at="2021-09-02T19:46:38 CDT" finished-at="2021-09-02T19:46:38 CDT">
          <reporter-output>
          </reporter-output>
        </test-method> <!-- month -->
      </class> <!-- page.Month_Page -->
    </test> <!-- Default test -->
  </suite> <!-- Default suite -->
</testng-results>
